running egg_info
creating ../build/teleop_rpi/teleop_rpi.egg-info
writing ../build/teleop_rpi/teleop_rpi.egg-info/PKG-INFO
writing dependency_links to ../build/teleop_rpi/teleop_rpi.egg-info/dependency_links.txt
writing entry points to ../build/teleop_rpi/teleop_rpi.egg-info/entry_points.txt
writing requirements to ../build/teleop_rpi/teleop_rpi.egg-info/requires.txt
writing top-level names to ../build/teleop_rpi/teleop_rpi.egg-info/top_level.txt
writing manifest file '../build/teleop_rpi/teleop_rpi.egg-info/SOURCES.txt'
reading manifest file '../build/teleop_rpi/teleop_rpi.egg-info/SOURCES.txt'
writing manifest file '../build/teleop_rpi/teleop_rpi.egg-info/SOURCES.txt'
running build
running build_py
creating /home/pi/robot_ws/src/build/teleop_rpi/build
creating /home/pi/robot_ws/src/build/teleop_rpi/build/lib
creating /home/pi/robot_ws/src/build/teleop_rpi/build/lib/teleop_rpi
copying teleop_rpi/teleop_rpi_node.py -> /home/pi/robot_ws/src/build/teleop_rpi/build/lib/teleop_rpi
copying teleop_rpi/__init__.py -> /home/pi/robot_ws/src/build/teleop_rpi/build/lib/teleop_rpi
running install
running install_lib
creating /home/pi/robot_ws/src/install/teleop_rpi/lib/python3.10/site-packages/teleop_rpi
copying /home/pi/robot_ws/src/build/teleop_rpi/build/lib/teleop_rpi/teleop_rpi_node.py -> /home/pi/robot_ws/src/install/teleop_rpi/lib/python3.10/site-packages/teleop_rpi
copying /home/pi/robot_ws/src/build/teleop_rpi/build/lib/teleop_rpi/__init__.py -> /home/pi/robot_ws/src/install/teleop_rpi/lib/python3.10/site-packages/teleop_rpi
byte-compiling /home/pi/robot_ws/src/install/teleop_rpi/lib/python3.10/site-packages/teleop_rpi/teleop_rpi_node.py to teleop_rpi_node.cpython-310.pyc
byte-compiling /home/pi/robot_ws/src/install/teleop_rpi/lib/python3.10/site-packages/teleop_rpi/__init__.py to __init__.cpython-310.pyc
running install_data
creating /home/pi/robot_ws/src/install/teleop_rpi/share/ament_index
creating /home/pi/robot_ws/src/install/teleop_rpi/share/ament_index/resource_index
creating /home/pi/robot_ws/src/install/teleop_rpi/share/ament_index/resource_index/packages
copying resource/teleop_rpi -> /home/pi/robot_ws/src/install/teleop_rpi/share/ament_index/resource_index/packages
copying package.xml -> /home/pi/robot_ws/src/install/teleop_rpi/share/teleop_rpi
running install_egg_info
Copying ../build/teleop_rpi/teleop_rpi.egg-info to /home/pi/robot_ws/src/install/teleop_rpi/lib/python3.10/site-packages/teleop_rpi-0.0.0-py3.10.egg-info
running install_scripts
Installing teleop_rpi_node script to /home/pi/robot_ws/src/install/teleop_rpi/lib/teleop_rpi
writing list of installed files to '/home/pi/robot_ws/src/build/teleop_rpi/install.log'
